<?xml version='1.0' encoding='UTF-8'?>
<testsuite hostname="EPHUBUDW2150" name="funsets.FunSetSuite" tests="12" errors="0" failures="0" skipped="0" time="0.03">
                     <properties>
[...]
</properties>
                     <testcase classname="funsets.FunSetSuite" name="adding ints" time="0.01">
                                                 
                                               </testcase><testcase classname="funsets.FunSetSuite" name="contains is implemented" time="0.0">
                                                 
                                               </testcase><testcase classname="funsets.FunSetSuite" name="contains in range" time="0.0">
                                                 
                                               </testcase><testcase classname="funsets.FunSetSuite" name="singletonSet(1) contains 1" time="0.0">
                                                 
                                               </testcase><testcase classname="funsets.FunSetSuite" name="union contains all elements of each set" time="0.01">
                                                 
                                               </testcase><testcase classname="funsets.FunSetSuite" name="union doesn't contain elements" time="0.0">
                                                 
                                               </testcase><testcase classname="funsets.FunSetSuite" name="intersect" time="0.0">
                                                 
                                               </testcase><testcase classname="funsets.FunSetSuite" name="diff" time="0.0">
                                                 
                                               </testcase><testcase classname="funsets.FunSetSuite" name="filter" time="0.0">
                                                 
                                               </testcase><testcase classname="funsets.FunSetSuite" name="forall" time="0.0">
                                                 
                                               </testcase><testcase classname="funsets.FunSetSuite" name="exists" time="0.01">
                                                 
                                               </testcase><testcase classname="funsets.FunSetSuite" name="map" time="0.0">
                                                 
                                               </testcase>
                     <system-out></system-out>
                     <system-err></system-err>
                   </testsuite>